SF:lib\InApplication\Hawashi\HawashiBloc.dart
DA:10,6
DA:11,4
DA:12,4
DA:15,2
DA:16,4
DA:17,4
DA:18,4
DA:21,0
DA:22,0
LF:9
LH:7
end_of_record
SF:lib\InApplication\Hawashi\HawashiEvent.dart
DA:7,2
DA:9,0
DA:11,0
DA:15,2
DA:17,0
DA:18,0
LF:6
LH:2
end_of_record
SF:lib\InApplication\Hawashi\HawashiState.dart
DA:6,2
DA:10,2
DA:12,2
DA:13,2
DA:18,2
DA:20,1
DA:21,2
DA:26,0
DA:28,0
DA:29,0
LF:10
LH:7
end_of_record
SF:lib\InApplication\Hawashi\HawashiModel.dart
DA:4,2
DA:6,0
DA:7,0
DA:10,0
DA:11,0
DA:12,0
LF:6
LH:1
end_of_record
SF:lib\InApplication\Hawashi\Repo\HawashiRepo.dart
DA:5,0
DA:7,0
DA:8,0
DA:9,0
DA:10,0
DA:12,0
DA:13,0
DA:14,0
DA:15,0
LF:9
LH:0
end_of_record
SF:lib\InApplication\Bloc_Balagha_text\BalaghatextRepo\BalaghatextRepo.dart
DA:5,1
DA:7,1
DA:8,0
DA:11,0
DA:12,0
DA:14,0
DA:15,0
DA:16,0
DA:17,0
DA:18,0
DA:20,0
DA:22,0
DA:25,0
LF:13
LH:2
end_of_record
SF:lib\InApplication\Bloc_Balagha_text\BalaghatextEvents.dart
DA:7,2
DA:9,0
DA:11,0
DA:18,2
DA:20,0
DA:21,0
LF:6
LH:2
end_of_record
SF:lib\InApplication\Bloc_Balagha_text\BalaghatextModel.dart
DA:9,1
DA:12,0
DA:13,0
DA:14,0
DA:15,0
DA:16,0
DA:17,0
DA:18,0
DA:21,0
DA:22,0
DA:23,0
DA:24,0
DA:25,0
DA:26,0
DA:27,0
DA:28,0
LF:16
LH:1
end_of_record
SF:lib\InApplication\Bloc_Balagha_text\BalaghatextStates.dart
DA:6,2
DA:10,2
DA:12,2
DA:13,2
DA:18,1
DA:20,1
DA:21,2
DA:26,2
DA:28,1
DA:29,2
LF:10
LH:10
end_of_record
SF:lib\InApplication\Bloc_Balagha_text\Balaghatextbloc.dart
DA:11,3
DA:12,2
DA:13,2
DA:16,1
DA:18,4
DA:19,3
DA:20,2
DA:23,1
DA:24,3
LF:9
LH:9
end_of_record
SF:lib\InApplication\Bloc_Balagha_toc\balaghatocEvents.dart
DA:7,2
DA:9,0
DA:11,0
DA:17,2
DA:19,0
DA:20,0
LF:6
LH:2
end_of_record
SF:lib\InApplication\Bloc_Balagha_toc\balaghatocStates.dart
DA:6,2
DA:10,2
DA:12,2
DA:13,2
DA:18,2
DA:20,1
DA:21,2
DA:26,1
DA:28,1
DA:29,2
LF:10
LH:10
end_of_record
SF:lib\InApplication\Bloc_Balagha_toc\balaghatocbloc.dart
DA:10,6
DA:11,4
DA:12,4
DA:15,2
DA:17,6
DA:18,6
DA:19,4
DA:22,1
DA:23,3
LF:9
LH:9
end_of_record
SF:lib\InApplication\Bloc_Balagha_toc\Repo\balaghatocRepo.dart
DA:5,0
DA:7,0
DA:8,0
DA:11,0
DA:12,0
DA:13,0
DA:14,0
DA:15,0
DA:16,0
DA:18,0
DA:20,0
DA:23,0
LF:12
LH:0
end_of_record
SF:lib\InApplication\Bloc_Balagha_toc\balaghatocModel.dart
DA:7,2
DA:9,0
DA:10,0
DA:11,0
DA:12,0
DA:15,0
DA:16,0
DA:17,0
DA:18,0
DA:19,0
DA:20,0
LF:11
LH:1
end_of_record
SF:lib\InApplication\Muqadmat\MuqadamatModel.dart
DA:7,2
DA:9,0
DA:10,0
DA:11,0
DA:12,0
DA:13,0
DA:16,0
DA:17,0
DA:18,0
DA:19,0
DA:20,0
DA:21,0
LF:12
LH:1
end_of_record
SF:lib\InApplication\Muqadmat\Repo\MuqadamatRepo.dart
DA:5,0
DA:6,0
DA:7,0
DA:8,0
DA:9,0
DA:10,0
DA:11,0
DA:12,0
DA:13,0
DA:14,0
DA:15,0
DA:16,0
LF:12
LH:0
end_of_record
SF:lib\InApplication\Muqadmat\MuqadamatBloc.dart
DA:11,6
DA:12,4
DA:13,4
DA:16,2
DA:18,6
DA:19,6
DA:20,4
DA:23,1
DA:24,3
LF:9
LH:9
end_of_record
SF:lib\InApplication\Muqadmat\MuqadamatEvents.dart
DA:6,6
DA:8,0
DA:10,0
DA:16,6
DA:18,0
DA:19,0
LF:6
LH:2
end_of_record
SF:lib\InApplication\Muqadmat\MuqadamatStates.dart
DA:6,2
DA:10,2
DA:12,2
DA:13,2
DA:18,2
DA:20,1
DA:21,2
DA:26,1
DA:28,1
DA:29,2
LF:10
LH:10
end_of_record
SF:lib\InApplication\Bloc_Balagha_toc\Pages\IndexedPage.dart
DA:24,1
DA:31,1
DA:33,1
DA:34,1
DA:38,1
DA:39,1
DA:40,3
DA:41,2
DA:44,1
DA:45,1
DA:46,3
DA:47,1
DA:51,1
DA:53,2
DA:58,4
DA:60,2
DA:61,0
DA:62,3
DA:64,1
DA:65,2
DA:66,4
DA:67,1
DA:68,1
DA:69,1
DA:75,1
DA:76,1
DA:77,1
DA:78,3
DA:79,1
DA:80,1
DA:81,1
DA:83,1
DA:84,1
DA:87,1
DA:88,1
DA:90,1
DA:91,1
DA:92,3
DA:93,0
DA:95,1
DA:96,2
DA:97,1
DA:101,1
DA:103,1
DA:105,1
DA:112,1
DA:113,1
DA:114,1
DA:118,0
DA:122,0
DA:123,0
DA:126,1
DA:127,1
DA:128,1
DA:132,0
DA:133,0
DA:134,0
DA:137,1
DA:138,1
DA:139,1
DA:143,0
DA:144,0
DA:147,1
DA:151,1
DA:152,1
DA:156,0
DA:157,0
DA:160,1
DA:164,1
DA:165,1
DA:166,1
DA:169,3
DA:170,3
DA:172,1
DA:173,2
DA:174,1
DA:175,1
DA:176,1
DA:177,4
DA:178,1
DA:182,0
DA:183,0
DA:184,0
DA:186,0
DA:187,0
DA:188,0
DA:189,0
DA:190,0
DA:191,0
DA:196,0
DA:197,0
DA:199,0
DA:200,0
DA:201,0
DA:208,0
DA:209,0
DA:210,0
DA:212,0
DA:213,0
DA:214,0
DA:222,0
DA:223,0
DA:224,0
DA:225,0
DA:226,0
DA:228,0
DA:229,0
DA:230,0
DA:231,0
DA:232,0
DA:234,0
DA:236,0
DA:239,0
DA:241,0
DA:242,0
DA:248,0
DA:249,0
DA:250,0
DA:251,0
DA:252,0
DA:255,0
DA:256,0
DA:260,0
DA:264,0
DA:277,0
DA:278,0
DA:280,0
DA:282,0
DA:290,0
DA:291,0
DA:292,0
DA:293,0
DA:294,0
DA:296,0
DA:297,0
DA:298,0
DA:299,0
DA:300,0
DA:302,0
DA:304,0
DA:307,0
DA:309,0
DA:310,0
DA:316,0
DA:317,0
DA:318,0
DA:319,0
DA:320,0
DA:323,0
DA:324,0
DA:328,0
DA:332,0
DA:352,0
DA:353,0
DA:354,0
DA:355,0
LF:156
LH:68
end_of_record
SF:lib\InApplication\HomePage.dart
DA:6,4
DA:8,2
DA:9,2
DA:13,2
DA:15,2
DA:16,6
DA:17,2
DA:21,2
DA:22,2
DA:23,6
DA:24,4
DA:27,2
DA:29,2
DA:30,2
DA:31,2
DA:32,2
DA:33,2
DA:36,6
DA:37,6
DA:39,2
DA:40,4
DA:57,2
DA:58,2
DA:59,2
DA:62,8
DA:63,8
DA:66,2
DA:69,2
DA:70,8
DA:71,2
DA:72,2
DA:73,0
DA:75,0
DA:76,0
DA:78,0
DA:79,0
DA:82,0
DA:87,2
DA:88,2
DA:89,2
DA:90,2
DA:91,2
DA:106,2
DA:107,8
DA:108,2
DA:109,2
DA:110,0
DA:112,0
DA:114,0
DA:115,0
DA:118,0
DA:123,2
DA:124,2
DA:125,2
DA:126,2
DA:127,2
DA:142,2
DA:143,8
DA:144,2
DA:145,2
DA:146,0
DA:148,0
DA:150,0
DA:151,0
DA:154,0
DA:159,2
DA:160,2
DA:161,2
DA:162,2
DA:163,2
DA:178,2
DA:179,8
DA:180,2
DA:181,2
DA:182,0
DA:184,0
DA:186,0
DA:187,0
DA:190,0
DA:195,2
DA:196,2
DA:197,2
DA:198,2
DA:199,2
DA:214,2
DA:215,8
DA:216,2
DA:217,2
DA:218,0
DA:220,0
DA:222,0
DA:223,0
DA:226,0
DA:231,2
DA:232,2
DA:233,2
DA:234,2
DA:235,2
DA:251,2
DA:252,2
DA:253,2
DA:262,2
DA:263,2
DA:264,2
DA:271,2
DA:273,2
DA:274,2
DA:275,2
DA:276,0
DA:277,0
DA:281,2
DA:282,2
DA:283,0
DA:284,0
DA:288,2
DA:289,2
DA:290,0
DA:291,0
LF:118
LH:86
end_of_record
SF:lib\InApplication\Notes\pages\NotesView.dart
DA:15,1
DA:16,1
DA:18,1
DA:19,1
DA:23,1
DA:25,1
DA:26,3
DA:27,1
DA:31,1
DA:32,1
DA:33,3
DA:34,2
DA:37,1
DA:39,2
DA:40,0
DA:41,3
DA:42,4
DA:44,1
DA:45,3
DA:46,4
DA:47,1
DA:48,1
DA:49,1
DA:50,0
DA:55,0
DA:56,0
DA:59,1
DA:60,1
DA:61,1
DA:62,0
DA:63,0
DA:65,0
DA:66,0
DA:67,0
DA:69,0
DA:70,0
DA:71,0
DA:72,0
DA:75,0
DA:76,0
DA:84,1
DA:85,1
DA:86,1
DA:88,1
DA:89,1
DA:90,1
DA:92,1
DA:93,1
DA:94,1
DA:95,1
DA:98,3
DA:99,3
DA:107,1
DA:108,0
DA:109,0
DA:111,0
DA:112,0
DA:113,0
DA:115,0
DA:116,0
DA:117,0
DA:118,0
DA:120,0
DA:121,0
DA:122,0
DA:123,0
DA:126,0
DA:127,0
DA:129,0
DA:130,0
DA:131,0
DA:132,0
DA:133,0
DA:134,0
DA:135,0
DA:138,0
DA:140,0
DA:141,0
DA:142,0
DA:147,0
DA:148,0
DA:150,0
DA:151,0
DA:152,0
DA:154,0
DA:156,0
DA:157,0
DA:159,0
DA:160,0
DA:164,0
DA:165,0
DA:166,0
DA:167,0
DA:172,0
DA:173,0
DA:174,0
DA:177,0
DA:179,0
DA:180,0
DA:181,0
DA:196,0
DA:197,0
DA:203,0
DA:204,0
DA:205,0
DA:208,0
DA:212,1
DA:213,1
DA:214,1
DA:215,1
DA:216,1
DA:217,1
LF:112
LH:44
end_of_record
SF:lib\main.dart
DA:17,0
DA:18,0
DA:19,0
DA:20,0
DA:24,4
DA:26,0
DA:28,0
DA:33,0
DA:34,0
DA:40,0
DA:41,0
DA:42,0
DA:43,0
DA:47,0
DA:49,0
DA:50,0
DA:51,0
DA:52,0
DA:54,0
DA:55,0
DA:56,0
DA:59,0
DA:60,0
DA:61,0
DA:62,0
DA:63,0
DA:64,0
DA:65,0
DA:66,0
DA:67,0
DA:70,0
DA:75,0
DA:76,0
DA:77,0
DA:79,0
DA:82,0
DA:83,0
DA:90,4
DA:94,0
DA:95,0
DA:101,0
DA:102,0
DA:103,0
DA:107,0
DA:109,0
DA:110,0
DA:111,0
DA:112,0
DA:114,0
DA:115,0
DA:120,0
DA:121,0
DA:123,0
DA:127,0
DA:128,0
DA:129,0
DA:134,0
DA:135,0
LF:58
LH:2
end_of_record
SF:lib\OnBoarding\bloc\UserBloc.dart
DA:14,9
DA:15,5
DA:16,4
DA:18,2
DA:19,5
DA:20,3
DA:21,1
DA:23,2
DA:26,2
DA:27,2
DA:28,3
DA:29,1
DA:30,2
DA:33,2
DA:34,4
DA:35,6
DA:36,2
DA:37,2
DA:38,4
DA:41,2
DA:42,2
DA:43,2
DA:44,2
DA:47,2
DA:48,2
DA:49,4
DA:50,3
DA:52,2
DA:55,1
DA:56,3
LF:30
LH:30
end_of_record
SF:lib\OnBoarding\bloc\UserModel.dart
DA:8,2
DA:11,0
DA:12,0
DA:13,0
DA:14,0
DA:15,0
DA:16,0
DA:19,0
DA:20,0
DA:21,0
DA:22,0
DA:23,0
DA:24,0
DA:25,0
LF:14
LH:1
end_of_record
SF:lib\OnBoarding\bloc\UserRepo.dart
DA:7,0
DA:8,0
DA:16,0
DA:17,0
DA:19,0
DA:20,0
DA:21,0
DA:24,0
DA:26,0
DA:27,0
DA:29,0
DA:30,0
DA:31,0
DA:34,0
DA:36,0
DA:37,0
DA:38,0
DA:40,0
DA:41,0
DA:42,0
DA:43,0
DA:45,0
DA:48,0
DA:53,0
DA:55,0
DA:56,0
DA:58,0
DA:59,0
DA:60,0
DA:61,0
DA:62,0
DA:63,0
DA:66,0
DA:71,0
DA:72,0
DA:79,0
DA:80,0
DA:82,0
DA:83,0
DA:84,0
LF:40
LH:0
end_of_record
SF:lib\OnBoarding\bloc\UserEvents.dart
DA:7,3
DA:9,0
DA:11,0
DA:21,1
DA:29,0
DA:30,0
DA:36,1
DA:38,0
DA:39,0
DA:45,2
DA:47,0
DA:48,0
DA:52,1
DA:54,0
DA:55,0
DA:65,1
DA:73,0
DA:74,0
LF:18
LH:6
end_of_record
SF:lib\OnBoarding\bloc\UserStates.dart
DA:6,3
DA:10,3
DA:12,2
DA:13,2
DA:17,1
DA:19,1
DA:20,1
DA:24,2
DA:26,1
DA:27,1
DA:32,2
DA:34,1
DA:35,2
DA:40,1
DA:42,1
DA:43,2
LF:16
LH:16
end_of_record
SF:lib\InApplication\Notes\NotesBloc.dart
DA:14,6
DA:15,4
DA:16,4
DA:18,2
DA:19,2
DA:20,4
DA:23,2
DA:26,2
DA:27,2
DA:28,3
DA:29,1
DA:30,2
DA:33,2
DA:34,4
DA:35,6
DA:36,1
DA:37,2
DA:40,2
DA:41,4
DA:43,6
DA:44,2
DA:47,1
DA:48,2
DA:50,2
DA:51,4
DA:53,2
DA:56,2
DA:57,6
LF:28
LH:28
end_of_record
SF:lib\InApplication\Notes\NotesModel.dart
DA:7,1
DA:9,0
DA:10,0
DA:11,0
DA:12,0
DA:13,0
DA:16,0
DA:17,0
DA:18,0
DA:19,0
DA:20,0
DA:21,0
LF:12
LH:1
end_of_record
SF:lib\InApplication\Notes\Repo\NotesRepo.dart
DA:6,1
DA:8,1
DA:9,0
DA:12,0
DA:13,0
DA:14,0
DA:15,0
DA:16,0
DA:18,0
DA:19,0
DA:20,0
DA:23,0
DA:28,1
DA:30,1
DA:31,0
DA:32,0
DA:34,0
DA:35,0
DA:36,0
DA:37,0
DA:39,0
DA:42,0
DA:47,0
DA:48,0
DA:51,0
DA:52,0
DA:59,0
DA:61,0
DA:63,0
DA:66,0
DA:68,0
DA:70,0
LF:32
LH:4
end_of_record
SF:lib\InApplication\Notes\NotesEvents.dart
DA:6,2
DA:8,0
DA:10,0
DA:23,1
DA:29,0
DA:30,0
DA:36,1
DA:38,0
DA:39,0
DA:45,2
DA:47,0
DA:48,0
DA:53,2
DA:55,0
DA:56,0
DA:65,1
DA:72,0
DA:73,0
LF:18
LH:6
end_of_record
SF:lib\InApplication\Notes\NotesStates.dart
DA:6,2
DA:10,2
DA:12,2
DA:13,2
DA:17,1
DA:19,1
DA:20,1
DA:24,2
DA:26,1
DA:27,1
DA:32,1
DA:34,1
DA:35,2
DA:40,2
DA:42,1
DA:43,2
LF:16
LH:16
end_of_record
SF:lib\InApplication\Bookmarks\BookmarksBloc.dart
DA:11,6
DA:12,4
DA:13,4
DA:16,2
DA:18,6
DA:20,2
DA:21,2
DA:23,4
DA:25,2
DA:26,2
DA:27,2
DA:28,1
DA:29,1
DA:30,1
DA:31,1
DA:32,1
DA:34,1
DA:36,2
DA:37,3
DA:39,2
DA:42,0
DA:43,0
LF:22
LH:20
end_of_record
SF:lib\InApplication\Bookmarks\BookmarksEvents.dart
DA:7,2
DA:9,0
DA:11,0
DA:17,2
DA:19,0
DA:20,0
DA:30,1
DA:37,0
DA:38,0
DA:44,1
DA:46,0
DA:47,0
LF:12
LH:4
end_of_record
SF:lib\InApplication\Bookmarks\BookmarksModel.dart
DA:9,2
DA:12,0
DA:13,0
DA:14,0
DA:15,0
DA:16,0
DA:17,0
DA:20,0
DA:21,0
DA:22,0
DA:23,0
DA:24,0
DA:25,0
DA:26,0
LF:14
LH:1
end_of_record
SF:lib\InApplication\Bookmarks\Repo\BookmarksRepo.dart
DA:5,0
DA:7,0
DA:8,0
DA:11,0
DA:12,0
DA:13,0
DA:14,0
DA:16,0
DA:17,0
DA:18,0
DA:21,0
DA:32,0
DA:39,0
DA:41,0
DA:49,0
DA:53,0
DA:55,0
DA:57,0
DA:59,0
LF:19
LH:0
end_of_record
SF:lib\InApplication\Bookmarks\BookmarksStates.dart
DA:6,7
DA:10,2
DA:12,1
DA:13,1
DA:17,6
DA:19,1
DA:20,1
DA:24,2
DA:26,0
DA:27,0
DA:32,2
DA:34,1
DA:35,2
DA:40,1
DA:42,1
DA:43,2
LF:16
LH:14
end_of_record
SF:lib\InApplication\Bloc_Balagha_text\Balaghatextbloc.dart
DA:11,3
DA:12,2
DA:13,2
DA:16,1
DA:18,4
DA:19,0
DA:20,0
DA:23,1
DA:24,3
LF:9
LH:7
end_of_record
SF:lib\InApplication\Bloc_Balagha_text\Pages\ReadingPage.dart
DA:17,1
DA:25,1
DA:26,1
DA:27,1
DA:31,1
DA:33,2
DA:34,0
DA:35,3
DA:37,4
DA:39,1
DA:40,1
DA:41,3
DA:42,1
DA:43,1
DA:44,1
DA:45,1
DA:46,1
DA:47,0
DA:50,0
DA:52,1
DA:56,1
DA:57,1
DA:60,1
DA:61,1
DA:64,2
DA:65,3
DA:66,0
DA:68,1
DA:69,2
DA:70,1
DA:74,1
DA:76,1
DA:78,1
DA:85,1
DA:86,1
DA:87,1
DA:91,0
DA:93,0
DA:94,0
DA:97,1
DA:98,1
DA:99,1
DA:103,0
DA:104,0
DA:105,0
DA:108,1
DA:109,1
DA:110,1
DA:114,0
DA:115,0
DA:118,1
DA:119,1
DA:120,1
DA:124,0
DA:125,0
DA:128,1
DA:132,1
DA:133,3
DA:134,6
DA:135,1
DA:136,1
DA:137,1
DA:143,1
DA:149,0
DA:150,0
DA:151,0
DA:152,0
DA:153,0
DA:156,0
DA:157,0
DA:159,0
DA:162,0
DA:165,0
DA:167,0
DA:168,0
DA:169,0
DA:170,0
DA:171,0
DA:172,0
DA:180,0
DA:181,0
DA:202,0
DA:205,0
DA:206,0
DA:207,0
DA:210,0
DA:211,0
DA:224,0
DA:225,0
DA:226,0
DA:227,0
DA:230,0
DA:232,0
DA:233,0
DA:235,0
DA:249,0
DA:250,0
DA:265,0
DA:267,0
DA:268,0
DA:269,0
DA:270,0
DA:271,0
DA:272,0
DA:273,0
DA:274,0
DA:279,0
DA:280,0
DA:281,0
DA:289,0
DA:291,0
DA:293,0
DA:294,0
DA:295,0
DA:297,0
DA:298,0
DA:299,0
DA:300,0
DA:301,0
DA:302,0
DA:308,0
DA:309,0
DA:311,0
DA:313,0
DA:314,0
DA:315,0
DA:317,0
DA:318,0
DA:319,0
DA:320,0
DA:321,0
DA:322,0
DA:328,0
LF:133
LH:49
end_of_record
SF:lib\InApplication\Muqadmat\Pages\RPHurf-e-Agas.dart
DA:17,1
DA:23,1
DA:24,1
DA:25,1
DA:31,1
DA:34,4
DA:35,2
DA:36,0
DA:37,3
DA:39,1
DA:40,1
DA:42,1
DA:43,1
DA:44,1
DA:45,1
DA:46,1
DA:47,0
DA:50,0
DA:52,1
DA:56,1
DA:57,1
DA:60,1
DA:61,1
DA:64,2
DA:65,3
DA:66,0
DA:68,1
DA:69,2
DA:70,1
DA:74,1
DA:76,1
DA:78,1
DA:85,1
DA:86,1
DA:87,1
DA:91,0
DA:93,0
DA:94,0
DA:97,1
DA:98,1
DA:99,1
DA:103,0
DA:104,0
DA:105,0
DA:108,1
DA:109,1
DA:110,1
DA:114,0
DA:115,0
DA:118,1
DA:122,1
DA:123,2
DA:124,4
DA:125,1
DA:126,1
DA:127,1
DA:133,1
DA:139,1
DA:140,1
DA:141,1
DA:142,1
DA:143,1
DA:146,3
DA:147,3
DA:149,1
DA:152,1
DA:155,1
DA:157,2
DA:158,1
DA:159,1
DA:160,1
DA:161,1
DA:163,1
DA:165,1
DA:166,1
DA:167,3
DA:168,4
DA:170,1
DA:174,1
DA:177,1
DA:178,3
DA:179,4
DA:181,1
DA:191,1
DA:193,1
DA:194,3
DA:195,4
DA:196,1
DA:197,1
DA:198,1
DA:199,1
DA:200,1
DA:205,1
DA:206,1
DA:207,1
DA:215,1
DA:217,1
DA:219,0
DA:220,0
DA:221,0
DA:223,0
DA:224,0
DA:225,0
DA:226,0
DA:232,1
DA:233,1
DA:235,1
DA:237,0
DA:238,0
DA:239,0
DA:241,0
DA:242,0
DA:243,0
DA:244,0
DA:250,1
LF:115
LH:89
end_of_record
SF:lib\InApplication\Bookmarks\Pages\BookmarksView.dart
DA:16,1
DA:18,1
DA:20,1
DA:21,1
DA:25,1
DA:26,1
DA:27,3
DA:28,2
DA:31,1
DA:32,1
DA:33,3
DA:34,1
DA:38,1
DA:40,2
DA:41,0
DA:42,3
DA:45,4
DA:47,1
DA:48,1
DA:49,1
DA:50,1
DA:51,1
DA:52,1
DA:54,1
DA:55,2
DA:56,2
DA:57,2
DA:58,1
DA:59,1
DA:60,1
DA:61,0
DA:62,0
DA:64,1
DA:65,1
DA:66,1
DA:67,1
DA:68,1
DA:69,1
DA:72,3
DA:73,3
DA:75,2
DA:76,1
DA:77,2
DA:78,1
DA:79,1
DA:80,1
DA:81,0
DA:83,0
DA:84,0
DA:87,0
DA:90,0
DA:93,0
DA:96,0
DA:99,0
DA:100,0
DA:102,0
DA:103,0
DA:104,0
DA:106,0
DA:108,0
DA:113,0
DA:114,0
DA:116,0
DA:117,0
DA:118,0
DA:120,0
DA:126,4
DA:127,1
DA:129,0
DA:130,0
DA:131,0
DA:132,0
DA:138,2
DA:139,0
DA:143,1
DA:144,0
DA:145,0
DA:146,0
DA:147,0
DA:148,0
DA:150,0
DA:151,0
DA:152,0
DA:155,0
DA:156,0
DA:162,1
DA:163,1
DA:164,1
DA:165,1
DA:168,3
DA:169,3
DA:175,1
DA:176,0
DA:177,0
DA:178,0
DA:179,0
DA:181,1
DA:182,1
DA:183,1
DA:186,3
DA:187,3
LF:101
LH:59
end_of_record
SF:lib\InApplication\Hawashi\Pages\HawashiView.dart
DA:12,6
DA:14,1
DA:15,1
DA:19,1
DA:21,4
DA:23,1
DA:24,1
DA:28,1
DA:29,1
DA:30,1
DA:32,1
DA:33,1
DA:34,3
DA:35,1
DA:36,1
DA:37,1
DA:41,1
DA:42,0
DA:43,0
DA:45,1
DA:46,1
DA:47,1
DA:48,1
DA:51,3
DA:52,3
DA:54,1
DA:55,1
DA:56,1
DA:57,2
DA:58,1
DA:59,1
DA:60,1
DA:61,1
DA:62,3
DA:63,3
LF:35
LH:33
end_of_record
SF:lib\InApplication\Muqadmat\Pages\PaishGhuftar.dart
DA:11,6
DA:13,1
DA:14,1
DA:18,1
DA:21,4
DA:23,1
DA:24,1
DA:25,1
DA:26,1
DA:27,1
DA:28,1
DA:30,1
DA:31,2
DA:32,1
DA:33,1
DA:34,1
DA:35,1
DA:36,1
DA:37,1
DA:38,1
DA:39,1
DA:42,3
DA:43,3
DA:45,1
DA:46,1
DA:50,1
DA:51,1
DA:52,1
DA:53,1
DA:54,1
DA:57,3
DA:58,3
DA:60,1
DA:61,1
DA:63,1
DA:66,1
DA:67,2
DA:68,1
DA:69,1
DA:70,1
DA:72,1
DA:73,1
DA:74,3
DA:75,3
DA:77,1
DA:80,1
DA:81,3
DA:82,3
DA:84,1
DA:95,0
DA:96,0
DA:97,0
DA:98,0
DA:99,0
DA:101,0
DA:102,0
DA:103,0
DA:104,0
DA:107,0
DA:108,0
DA:110,0
DA:111,0
DA:117,0
DA:118,0
DA:119,0
DA:120,0
DA:122,0
DA:123,0
DA:124,0
DA:125,0
DA:128,0
DA:129,0
DA:131,0
DA:132,0
LF:74
LH:49
end_of_record
SF:lib\InApplication\Notes\pages\NoteAdd.dart
DA:13,2
DA:15,1
DA:16,1
DA:20,3
DA:21,1
DA:23,2
DA:24,0
DA:25,3
DA:26,1
DA:27,1
DA:29,4
DA:31,0
DA:32,0
DA:33,0
DA:34,0
DA:35,0
DA:36,0
DA:37,0
DA:43,1
DA:44,1
DA:46,1
DA:47,1
DA:48,1
DA:50,1
DA:51,2
DA:52,1
DA:53,0
DA:54,0
DA:55,0
DA:60,0
DA:61,0
DA:64,1
DA:65,1
DA:66,1
DA:70,1
DA:71,1
DA:72,1
DA:73,1
DA:74,1
DA:77,3
DA:78,3
DA:80,1
DA:81,1
DA:82,1
DA:83,1
DA:85,1
DA:86,1
DA:87,2
DA:88,1
DA:89,1
DA:91,1
DA:93,1
DA:94,1
DA:103,0
DA:104,0
DA:114,1
DA:115,1
DA:118,1
DA:120,1
DA:121,1
DA:133,0
DA:134,0
DA:143,1
DA:146,1
DA:147,0
DA:149,0
DA:151,1
DA:178,0
LF:68
LH:48
end_of_record
SF:lib\InApplication\Notes\pages\NotesUpdate.dart
DA:14,1
DA:15,1
DA:17,1
DA:18,1
DA:22,0
DA:23,1
DA:25,2
DA:26,0
DA:27,3
DA:28,4
DA:29,1
DA:30,1
DA:32,0
DA:33,0
DA:34,0
DA:35,0
DA:36,0
DA:37,0
DA:38,0
DA:39,0
DA:45,1
DA:46,1
DA:48,1
DA:49,1
DA:50,1
DA:52,1
DA:53,3
DA:54,4
DA:55,1
DA:56,1
DA:57,1
DA:58,0
DA:63,0
DA:64,0
DA:67,1
DA:68,1
DA:69,1
DA:73,1
DA:74,0
DA:75,0
DA:76,0
DA:77,0
DA:78,0
DA:79,0
DA:82,0
DA:83,0
DA:85,0
DA:86,0
DA:87,0
DA:88,0
DA:90,0
DA:91,0
DA:92,0
DA:93,0
DA:95,0
DA:97,0
DA:98,0
DA:107,0
DA:108,0
DA:117,0
DA:120,0
DA:122,0
DA:123,0
DA:134,0
DA:135,0
DA:143,0
DA:146,0
DA:147,0
DA:149,0
DA:151,0
DA:178,1
LF:71
LH:26
end_of_record
SF:lib\InApplication\ProfileOptions.dart
DA:13,1
DA:14,1
DA:16,1
DA:17,1
DA:21,1
DA:22,1
DA:23,3
DA:24,1
DA:28,1
DA:29,1
DA:30,3
DA:31,2
DA:34,1
DA:37,4
DA:38,1
DA:39,4
DA:41,0
DA:43,0
DA:44,0
DA:46,0
DA:47,0
DA:48,0
DA:49,0
DA:55,1
DA:56,1
DA:57,1
DA:58,1
DA:59,1
DA:60,1
DA:62,1
DA:63,2
DA:64,1
DA:65,0
DA:66,0
DA:67,0
DA:68,0
DA:69,0
DA:72,2
DA:73,1
DA:74,1
DA:75,1
DA:76,1
DA:79,3
DA:80,3
DA:82,1
DA:83,1
DA:85,1
DA:86,1
DA:87,1
DA:90,4
DA:91,4
DA:93,1
DA:94,4
DA:95,1
DA:96,0
DA:98,0
DA:100,1
DA:103,1
DA:104,1
DA:105,1
DA:106,1
DA:107,1
DA:112,1
DA:113,4
DA:114,1
DA:115,0
DA:118,0
DA:120,0
DA:121,0
DA:122,0
DA:123,0
DA:125,0
DA:126,0
DA:127,0
DA:128,0
DA:130,0
DA:132,0
DA:133,0
DA:134,0
DA:136,0
DA:142,1
DA:145,1
DA:146,1
DA:147,1
DA:148,1
DA:149,1
DA:154,1
DA:155,4
DA:156,1
DA:157,0
DA:159,0
DA:160,0
DA:161,0
DA:163,1
DA:166,1
DA:167,1
DA:168,1
DA:169,1
DA:170,1
LF:99
LH:66
end_of_record
SF:lib\InApplication\UpdateUser.dart
DA:13,2
DA:14,1
DA:15,1
DA:19,1
DA:20,2
DA:21,0
DA:22,3
DA:24,4
DA:29,1
DA:30,1
DA:31,1
DA:32,1
DA:33,1
DA:35,0
DA:37,0
DA:38,0
DA:42,1
DA:45,1
DA:61,1
DA:63,0
DA:64,0
DA:67,0
DA:75,0
DA:76,0
DA:79,0
DA:88,0
DA:89,0
DA:97,0
DA:98,0
DA:106,0
DA:107,0
DA:108,0
DA:109,0
DA:110,0
DA:112,0
DA:113,0
DA:114,0
DA:115,0
DA:117,0
DA:118,0
DA:119,0
DA:124,0
DA:126,0
DA:127,0
DA:128,0
DA:130,0
DA:135,0
DA:137,0
DA:142,0
DA:148,0
DA:152,1
DA:153,1
DA:155,1
DA:156,1
DA:157,1
DA:159,1
DA:160,2
DA:161,4
DA:162,1
DA:163,1
DA:164,1
DA:165,0
DA:168,0
DA:171,1
DA:172,1
DA:173,1
DA:177,1
DA:178,5
DA:179,5
DA:180,5
DA:181,5
DA:182,1
DA:183,1
DA:184,1
DA:185,1
DA:187,1
DA:188,1
DA:189,1
DA:190,1
DA:191,1
DA:192,1
DA:194,1
DA:195,1
DA:196,1
DA:198,1
DA:200,1
DA:201,1
DA:210,0
DA:219,1
DA:222,1
DA:224,1
DA:225,1
DA:234,0
DA:243,1
DA:245,1
DA:247,1
DA:248,1
DA:257,0
DA:266,1
DA:269,1
DA:271,1
DA:272,1
DA:281,0
DA:282,0
DA:284,0
DA:285,0
DA:287,0
DA:290,0
DA:293,0
DA:294,0
DA:295,0
DA:297,0
DA:301,0
DA:309,1
DA:311,1
DA:312,0
DA:313,0
DA:315,1
DA:349,1
LF:119
LH:66
end_of_record
SF:lib\OnBoarding\Login.dart
DA:7,4
DA:9,2
DA:10,2
DA:16,2
DA:17,2
DA:18,6
DA:19,2
DA:23,2
DA:24,2
DA:25,6
DA:26,4
DA:29,2
DA:31,4
DA:34,2
DA:35,2
DA:36,2
DA:37,2
DA:40,2
DA:43,2
DA:56,0
DA:57,0
DA:58,0
DA:59,0
DA:60,0
DA:63,0
DA:68,0
DA:69,0
DA:70,0
DA:73,0
DA:79,0
DA:84,0
DA:89,0
DA:93,0
DA:96,0
DA:98,0
DA:101,0
DA:104,0
DA:106,0
DA:108,0
DA:109,0
DA:110,0
DA:115,0
DA:117,0
DA:118,0
DA:119,0
DA:120,0
DA:127,0
DA:128,0
DA:129,0
DA:130,0
DA:141,0
DA:143,0
DA:144,0
DA:147,0
DA:149,0
DA:150,0
DA:151,0
DA:152,0
DA:155,0
DA:156,0
DA:159,0
DA:164,0
DA:169,1
DA:170,2
DA:173,2
DA:181,1
DA:182,2
DA:185,2
DA:194,1
DA:195,1
DA:196,1
DA:198,1
DA:199,1
DA:201,2
DA:202,0
DA:203,0
DA:206,0
DA:207,0
DA:211,0
DA:212,0
DA:216,0
DA:222,1
DA:226,2
DA:227,0
DA:229,0
DA:230,0
DA:231,0
DA:232,0
DA:242,2
DA:243,2
DA:244,2
DA:246,2
DA:248,2
DA:249,2
DA:251,4
DA:255,2
DA:257,2
DA:259,2
DA:261,2
DA:262,2
DA:265,1
DA:274,2
DA:276,2
DA:279,2
DA:281,2
DA:282,2
DA:285,1
DA:297,2
DA:299,2
DA:300,2
DA:301,1
DA:302,1
DA:304,2
DA:329,2
DA:331,2
DA:342,2
DA:345,2
DA:346,0
DA:347,0
DA:349,2
DA:353,2
DA:355,2
DA:360,2
DA:362,0
DA:363,0
LF:125
LH:66
end_of_record
SF:lib\OnBoarding\Signup.dart
DA:15,4
DA:17,2
DA:18,2
DA:22,2
DA:26,2
DA:27,2
DA:28,2
DA:29,2
DA:30,2
DA:32,0
DA:34,0
DA:35,0
DA:39,2
DA:42,2
DA:59,2
DA:61,1
DA:62,2
DA:65,2
DA:73,1
DA:74,2
DA:77,2
DA:86,1
DA:87,2
DA:90,3
DA:98,1
DA:99,2
DA:107,1
DA:108,2
DA:116,1
DA:121,1
DA:122,0
DA:126,0
DA:130,0
DA:131,0
DA:132,0
DA:133,0
DA:134,0
DA:135,0
DA:136,0
DA:143,0
DA:148,0
DA:153,0
DA:157,0
DA:160,0
DA:166,0
DA:167,0
DA:171,0
DA:172,0
DA:173,0
DA:179,1
DA:180,1
DA:181,1
DA:182,1
DA:183,1
DA:185,1
DA:186,1
DA:187,1
DA:188,1
DA:189,1
DA:191,2
DA:192,1
DA:193,2
DA:197,1
DA:203,0
DA:207,0
DA:209,0
DA:211,0
DA:216,0
DA:218,0
DA:223,0
DA:229,1
DA:233,2
DA:234,4
DA:235,2
DA:237,2
DA:238,0
DA:239,0
DA:240,0
DA:243,0
DA:246,2
DA:247,2
DA:248,2
DA:252,2
DA:253,2
DA:254,2
DA:255,2
DA:256,2
DA:257,2
DA:259,2
DA:260,2
DA:261,2
DA:262,2
DA:264,2
DA:265,2
DA:267,2
DA:268,2
DA:269,2
DA:270,2
DA:272,2
DA:274,2
DA:275,2
DA:284,1
DA:293,2
DA:294,2
DA:297,2
DA:299,2
DA:300,2
DA:309,1
DA:318,2
DA:319,2
DA:322,2
DA:324,2
DA:325,2
DA:335,1
DA:344,2
DA:345,2
DA:347,2
DA:349,2
DA:350,2
DA:359,1
DA:368,2
DA:369,2
DA:372,2
DA:374,2
DA:375,2
DA:384,1
DA:385,1
DA:387,1
DA:388,1
DA:390,1
DA:393,1
DA:396,1
DA:397,1
DA:398,1
DA:400,1
DA:404,1
DA:412,2
DA:414,2
DA:415,2
DA:416,1
DA:417,1
DA:419,2
DA:451,2
DA:453,2
DA:454,0
DA:455,0
DA:463,0
LF:147
LH:111
end_of_record
